#
# There is insufficient memory for the Java Runtime Environment to continue.
# Native memory allocation (malloc) failed to allocate 105056 bytes for Chunk::new
# Possible reasons:
#   The system is out of physical RAM or swap space
#   The process is running with CompressedOops enabled, and the Java Heap may be blocking the growth of the native heap
# Possible solutions:
#   Reduce memory load on the system
#   Increase physical memory or swap space
#   Check if swap backing store is full
#   Decrease Java heap size (-Xmx/-Xms)
#   Decrease number of Java threads
#   Decrease Java thread stack sizes (-Xss)
#   Set larger code cache with -XX:ReservedCodeCacheSize=
#   JVM is running with Zero Based Compressed Oops mode in which the Java heap is
#     placed in the first 32GB address space. The Java Heap base address is the
#     maximum limit for the native heap growth. Please use -XX:HeapBaseMinAddress
#     to set the Java Heap base and to place the Java Heap above 32GB virtual address.
# This output file may be truncated or incomplete.
#
#  Out of Memory Error (allocation.cpp:390), pid=21244, tid=0x0000000000007708
#
# JRE version: Java(TM) SE Runtime Environment (8.0_201-b09) (build 1.8.0_201-b09)
# Java VM: Java HotSpot(TM) 64-Bit Server VM (25.201-b09 mixed mode windows-amd64 compressed oops)
# Failed to write core dump. Minidumps are not enabled by default on client versions of Windows
#

---------------  T H R E A D  ---------------

Current thread (0x000000001dcc0800):  JavaThread "C2 CompilerThread0" daemon [_thread_in_native, id=30472, stack(0x000000001e5c0000,0x000000001e6c0000)]

Stack: [0x000000001e5c0000,0x000000001e6c0000]
[error occurred during error reporting (printing stack bounds), id 0xc0000005]

Native frames: (J=compiled Java code, j=interpreted, Vv=VM code, C=native code)


Current CompileTask:
C2:    423  480       4       java.lang.String::toLowerCase (439 bytes)


---------------  P R O C E S S  ---------------

Java Threads: ( => current thread )
  0x0000000002472800 JavaThread "DestroyJavaVM" [_thread_blocked, id=25868, stack(0x0000000002370000,0x0000000002470000)]
  0x000000001f18e800 JavaThread "AWT-EventQueue-0" [_thread_in_vm, id=26268, stack(0x00000000208d0000,0x00000000209d0000)]
  0x000000001ee0a800 JavaThread "Image Fetcher 0" daemon [_thread_blocked, id=28612, stack(0x00000000207d0000,0x00000000208d0000)]
  0x000000001eca6800 JavaThread "Thread-2" daemon [_thread_in_native, id=10748, stack(0x000000001fa60000,0x000000001fb60000)]
  0x000000001ecff800 JavaThread "EventQueueMonitor-ComponentEvtDispatch" daemon [_thread_blocked, id=30768, stack(0x000000001f960000,0x000000001fa60000)]
  0x000000001e05a000 JavaThread "AWT-Windows" daemon [_thread_in_native, id=23700, stack(0x000000001f740000,0x000000001f840000)]
  0x000000001e04a800 JavaThread "AWT-Shutdown" [_thread_blocked, id=30876, stack(0x000000001f640000,0x000000001f740000)]
  0x000000001e049800 JavaThread "Java2D Disposer" daemon [_thread_blocked, id=30772, stack(0x000000001f540000,0x000000001f640000)]
  0x000000001dd74800 JavaThread "Service Thread" daemon [_thread_blocked, id=30852, stack(0x000000001e9c0000,0x000000001eac0000)]
  0x000000001dccc800 JavaThread "C1 CompilerThread3" daemon [_thread_blocked, id=30872, stack(0x000000001e8c0000,0x000000001e9c0000)]
  0x000000001dcc6000 JavaThread "C2 CompilerThread2" daemon [_thread_blocked, id=26152, stack(0x000000001e7c0000,0x000000001e8c0000)]
  0x000000001dcc5000 JavaThread "C2 CompilerThread1" daemon [_thread_blocked, id=27296, stack(0x000000001e6c0000,0x000000001e7c0000)]
=>0x000000001dcc0800 JavaThread "C2 CompilerThread0" daemon [_thread_in_native, id=30472, stack(0x000000001e5c0000,0x000000001e6c0000)]
  0x000000001dcbf000 JavaThread "Attach Listener" daemon [_thread_blocked, id=31072, stack(0x000000001e4c0000,0x000000001e5c0000)]
  0x000000001bede000 JavaThread "Signal Dispatcher" daemon [_thread_blocked, id=4808, stack(0x000000001e3c0000,0x000000001e4c0000)]
  0x000000001dcb1000 JavaThread "Finalizer" daemon [_thread_blocked, id=30744, stack(0x000000001e190000,0x000000001e290000)]
  0x000000001dcb0800 JavaThread "Reference Handler" daemon [_thread_blocked, id=28080, stack(0x000000001e090000,0x000000001e190000)]

Other Threads:
  0x000000001bec8800 VMThread [stack: 0x000000001db90000,0x000000001dc90000] [id=21292]
  0x000000001dd7f000 WatcherThread [stack: 0x000000001eac0000,0x000000001ebc0000] [id=31184]

VM state:not at safepoint (normal execution)

VM Mutex/Monitor currently owned by a thread: None

heap address: 0x00000006c3a00000, size: 4038 MB, Compressed Oops mode: Zero based, Oop shift amount: 3
Narrow klass base: 0x0000000000000000, Narrow klass shift: 3
Compressed class space size: 1073741824 Address: 0x00000007c0000000

Heap:
 PSYoungGen      total 75776K, used 32338K [0x000000076be00000, 0x0000000771280000, 0x00000007c0000000)
  eden space 65024K, 49% used [0x000000076be00000,0x000000076dd948b8,0x000000076fd80000)
  from space 10752K, 0% used [0x0000000770800000,0x0000000770800000,0x0000000771280000)
  to   space 10752K, 0% used [0x000000076fd80000,0x000000076fd80000,0x0000000770800000)
 ParOldGen       total 173568K, used 0K [0x00000006c3a00000, 0x00000006ce380000, 0x000000076be00000)
  object space 173568K, 0% used [0x00000006c3a00000,0x00000006c3a00000,0x00000006ce380000)
 Metaspace       used 9601K, capacity 9822K, committed 9984K, reserved 1058816K
  class space    used 1134K, capacity 1231K, committed 1280K, reserved 1048576K

Card table byte_map: [0x0000000011930000,0x0000000012120000] byte_map_base: 0x000000000e313000

Marking Bits: (ParMarkBitMap*) 0x000000006db04ce0
 Begin Bits: [0x0000000012e70000, 0x0000000016d88000)
 End Bits:   [0x0000000016d88000, 0x000000001aca0000)

Polling page: 0x0000000002290000

CodeCache: size=245760Kb used=2231Kb max_used=2235Kb free=243528Kb
 bounds [0x0000000002570000, 0x00000000027e0000, 0x0000000011570000]
 total_blobs=927 nmethods=483 adapters=357
 compilation: enabled

Compilation events (10 events):
Event: 0.415 Thread 0x000000001dcc0800 nmethod 475 0x000000000279a690 code [0x000000000279a7c0, 0x000000000279a918]
Event: 0.415 Thread 0x000000001dcc5000  477       4       java.lang.CharacterDataLatin1::toLowerCase (39 bytes)
Event: 0.416 Thread 0x000000001dcc6000  478       4       java.lang.String::<init> (82 bytes)
Event: 0.416 Thread 0x000000001dcc5000 nmethod 477 0x000000000279c590 code [0x000000000279c6c0, 0x000000000279c798]
Event: 0.417 Thread 0x000000001dccc800  479       3       java.util.ArrayList::add (29 bytes)
Event: 0.417 Thread 0x000000001dccc800 nmethod 479 0x0000000002799cd0 code [0x0000000002799e80, 0x000000000279a408]
Event: 0.418 Thread 0x000000001dcc6000 nmethod 478 0x000000000279da10 code [0x000000000279db60, 0x000000000279de58]
Event: 0.419 Thread 0x000000001dcc0800  480       4       java.lang.String::toLowerCase (439 bytes)
Event: 0.421 Thread 0x000000001dccc800  481       3       java.util.ArrayList::<init> (61 bytes)
Event: 0.421 Thread 0x000000001dccc800 nmethod 481 0x000000000279c8d0 code [0x000000000279cae0, 0x000000000279d578]

GC Heap History (0 events):
No events

Deoptimization events (4 events):
Event: 0.154 Thread 0x0000000002472800 Uncommon trap: reason=unstable_if action=reinterpret pc=0x000000000270a24c method=java.util.HashMap.getNode(ILjava/lang/Object;)Ljava/util/HashMap$Node; @ 49
Event: 0.161 Thread 0x0000000002472800 Uncommon trap: reason=unstable_if action=reinterpret pc=0x000000000270f8d8 method=java.util.HashMap.getNode(ILjava/lang/Object;)Ljava/util/HashMap$Node; @ 76
Event: 0.177 Thread 0x0000000002472800 Uncommon trap: reason=null_check action=make_not_entrant pc=0x00000000026d5a9c method=java.lang.String.equals(Ljava/lang/Object;)Z @ 8
Event: 0.401 Thread 0x000000001f18e800 Uncommon trap: reason=class_check action=maybe_recompile pc=0x0000000002725500 method=java.util.Hashtable.addEntry(ILjava/lang/Object;Ljava/lang/Object;I)V @ 38

Classes redefined (0 events):
No events

Internal exceptions (10 events):
Event: 0.094 Thread 0x0000000002472800 Exception <a 'java/lang/NoSuchFieldError': method resolution failed> (0x000000076c0b5e68) thrown at [C:\re\workspace\8-2-build-windows-amd64-cygwin\jdk8u201\12322\hotspot\src\share\vm\prims\methodHandles.cpp, line 1167]
Event: 0.096 Thread 0x0000000002472800 Exception <a 'java/lang/NoSuchFieldError': method resolution failed> (0x000000076c0c3268) thrown at [C:\re\workspace\8-2-build-windows-amd64-cygwin\jdk8u201\12322\hotspot\src\share\vm\prims\methodHandles.cpp, line 1167]
Event: 0.121 Thread 0x0000000002472800 Exception <a 'java/io/FileNotFoundException'> (0x000000076c15cdf0) thrown at [C:\re\workspace\8-2-build-windows-amd64-cygwin\jdk8u201\12322\hotspot\src\share\vm\prims\jni.cpp, line 709]
Event: 0.177 Thread 0x0000000002472800 Implicit null exception at 0x00000000026d589b to 0x00000000026d5a8d
Event: 0.412 Thread 0x000000001f18e800 Exception <a 'java/lang/UnsatisfiedLinkError'> (0x000000076d50f438) thrown at [C:\re\workspace\8-2-build-windows-amd64-cygwin\jdk8u201\12322\hotspot\src\share\vm\prims\jvm.cpp, line 4095]
Event: 0.412 Thread 0x000000001f18e800 Exception <a 'java/lang/UnsatisfiedLinkError'> (0x000000076d50f438) thrown at [C:\re\workspace\8-2-build-windows-amd64-cygwin\jdk8u201\12322\hotspot\src\share\vm\prims\jni.cpp, line 709]
Event: 0.412 Thread 0x000000001f18e800 Exception <a 'java/lang/UnsatisfiedLinkError'> (0x000000076d50f438) thrown at [C:\re\workspace\8-2-build-windows-amd64-cygwin\jdk8u201\12322\hotspot\src\share\vm\prims\jvm.cpp, line 1506]
Event: 0.413 Thread 0x000000001f18e800 Exception <a 'java/lang/UnsatisfiedLinkError'> (0x000000076d50f438) thrown at [C:\re\workspace\8-2-build-windows-amd64-cygwin\jdk8u201\12322\hotspot\src\share\vm\oops\instanceKlass.cpp, line 959]
Event: 0.413 Thread 0x000000001f18e800 Exception <a 'java/lang/UnsatisfiedLinkError'> (0x000000076d50f438) thrown at [C:\re\workspace\8-2-build-windows-amd64-cygwin\jdk8u201\12322\hotspot\src\share\vm\oops\instanceKlass.cpp, line 959]
Event: 0.413 Thread 0x000000001f18e800 Exception <a 'java/lang/NoClassDefFoundError': Could not initialize class sun.nio.ch.FileChannelImpl> (0x000000076d5112c0) thrown at [C:\re\workspace\8-2-build-windows-amd64-cygwin\jdk8u201\12322\hotspot\src\share\vm\oops\instanceKlass.cpp, line 879]

Events (10 events):
Event: 0.413 loading class java/awt/FontFormatException
Event: 0.413 loading class java/awt/FontFormatException done
Event: 0.413 loading class sun/font/SunFontManager$FamilyDescription
Event: 0.413 loading class sun/font/SunFontManager$FamilyDescription done
Event: 0.413 loading class java/util/concurrent/ConcurrentHashMap$KeyIterator
Event: 0.413 loading class java/util/concurrent/ConcurrentHashMap$BaseIterator
Event: 0.413 loading class java/util/concurrent/ConcurrentHashMap$Traverser
Event: 0.413 loading class java/util/concurrent/ConcurrentHashMap$Traverser done
Event: 0.413 loading class java/util/concurrent/ConcurrentHashMap$BaseIterator done
Event: 0.413 loading class java/util/concurrent/ConcurrentHashMap$KeyIterator done


Dynamic libraries:
0x00007ff6141f0000 - 0x00007ff614227000 	C:\Program Files\Java\jdk1.8.0_201\bin\java.exe
0x00007ffae4d10000 - 0x00007ffae4f27000 	C:\WINDOWS\SYSTEM32\ntdll.dll
0x00007ffae3470000 - 0x00007ffae3534000 	C:\WINDOWS\System32\KERNEL32.DLL
0x00007ffae22e0000 - 0x00007ffae2686000 	C:\WINDOWS\System32\KERNELBASE.dll
0x00007ffae4b80000 - 0x00007ffae4c33000 	C:\WINDOWS\System32\ADVAPI32.dll
0x00007ffae3dd0000 - 0x00007ffae3e77000 	C:\WINDOWS\System32\msvcrt.dll
0x00007ffae3920000 - 0x00007ffae39c8000 	C:\WINDOWS\System32\sechost.dll
0x00007ffae2860000 - 0x00007ffae2888000 	C:\WINDOWS\System32\bcrypt.dll
0x00007ffae36a0000 - 0x00007ffae37b7000 	C:\WINDOWS\System32\RPCRT4.dll
0x00007ffae4270000 - 0x00007ffae441e000 	C:\WINDOWS\System32\USER32.dll
0x00007ffae2710000 - 0x00007ffae2736000 	C:\WINDOWS\System32\win32u.dll
0x00007ffae38f0000 - 0x00007ffae3919000 	C:\WINDOWS\System32\GDI32.dll
0x00007ffae21c0000 - 0x00007ffae22d8000 	C:\WINDOWS\System32\gdi32full.dll
0x00007ffae2950000 - 0x00007ffae29ea000 	C:\WINDOWS\System32\msvcp_win.dll
0x00007ffae2740000 - 0x00007ffae2851000 	C:\WINDOWS\System32\ucrtbase.dll
0x00007ffac5510000 - 0x00007ffac57a3000 	C:\WINDOWS\WinSxS\amd64_microsoft.windows.common-controls_6595b64144ccf1df_6.0.22621.2506_none_270c5ae97388e100\COMCTL32.dll
0x00007ffae38a0000 - 0x00007ffae38d1000 	C:\WINDOWS\System32\IMM32.DLL
0x000000006d200000 - 0x000000006d2d1000 	C:\Program Files\Java\jdk1.8.0_201\jre\bin\msvcr100.dll
0x000000006d2e0000 - 0x000000006db84000 	C:\Program Files\Java\jdk1.8.0_201\jre\bin\server\jvm.dll
0x00007ffae4520000 - 0x00007ffae4528000 	C:\WINDOWS\System32\PSAPI.DLL
0x00007ffadcdf0000 - 0x00007ffadcdf9000 	C:\WINDOWS\SYSTEM32\WSOCK32.dll
0x00007ffad7fa0000 - 0x00007ffad7fd4000 	C:\WINDOWS\SYSTEM32\WINMM.dll
0x00007ffad74a0000 - 0x00007ffad74aa000 	C:\WINDOWS\SYSTEM32\VERSION.dll
0x00007ffae4530000 - 0x00007ffae45a1000 	C:\WINDOWS\System32\WS2_32.dll
0x00007ffadc0d0000 - 0x00007ffadc0df000 	C:\Program Files\Java\jdk1.8.0_201\jre\bin\verify.dll
0x00007ffad7100000 - 0x00007ffad7129000 	C:\Program Files\Java\jdk1.8.0_201\jre\bin\java.dll
0x00007ffad70e0000 - 0x00007ffad70f6000 	C:\Program Files\Java\jdk1.8.0_201\jre\bin\zip.dll
0x00007ffae2c10000 - 0x00007ffae346b000 	C:\WINDOWS\System32\SHELL32.dll
0x00007ffadff60000 - 0x00007ffae0856000 	C:\WINDOWS\SYSTEM32\windows.storage.dll
0x00007ffae39d0000 - 0x00007ffae3d59000 	C:\WINDOWS\System32\combase.dll
0x00007ffadfe20000 - 0x00007ffadff5e000 	C:\WINDOWS\SYSTEM32\wintypes.dll
0x00007ffae45b0000 - 0x00007ffae46a3000 	C:\WINDOWS\System32\SHCORE.dll
0x00007ffae3840000 - 0x00007ffae389e000 	C:\WINDOWS\System32\shlwapi.dll
0x00007ffae1f80000 - 0x00007ffae1fa6000 	C:\WINDOWS\SYSTEM32\profapi.dll
0x00007ffabeba0000 - 0x00007ffabed39000 	C:\Program Files\Java\jdk1.8.0_201\jre\bin\awt.dll
0x00007ffae4420000 - 0x00007ffae44f7000 	C:\WINDOWS\System32\OLEAUT32.dll
0x00007ffadeed0000 - 0x00007ffadef67000 	C:\WINDOWS\SYSTEM32\apphelp.dll
0x00007ffadf470000 - 0x00007ffadf49b000 	C:\WINDOWS\system32\DWMAPI.DLL
0x00007ffadf210000 - 0x00007ffadf2bb000 	C:\WINDOWS\system32\uxtheme.dll
0x00007ffab4c70000 - 0x00007ffab4d70000 	C:\WINDOWS\system32\opengl32.dll
0x00007ffac6070000 - 0x00007ffac609d000 	C:\WINDOWS\SYSTEM32\GLU32.dll
0x00007ffadf300000 - 0x00007ffadf339000 	C:\WINDOWS\SYSTEM32\dxcore.dll
0x00007ffae3540000 - 0x00007ffae3691000 	C:\WINDOWS\System32\MSCTF.dll
0x00007ffae40a0000 - 0x00007ffae4240000 	C:\WINDOWS\System32\ole32.dll
0x00007ffae1050000 - 0x00007ffae1068000 	C:\WINDOWS\SYSTEM32\kernel.appcore.dll
0x00007ffae2690000 - 0x00007ffae270a000 	C:\WINDOWS\System32\bcryptPrimitives.dll
0x00007ffac8cb0000 - 0x00007ffac8cd6000 	C:\Program Files\Java\jdk1.8.0_201\jre\bin\JavaAccessBridge-64.dll
0x00007ffad7760000 - 0x00007ffad7767000 	C:\Program Files\Java\jdk1.8.0_201\jre\bin\jawt.dll
0x00007ffad70d0000 - 0x00007ffad70d7000 	C:\Program Files\Java\jdk1.8.0_201\jre\bin\JAWTAccessBridge-64.dll
0x00007ffac1cd0000 - 0x00007ffac1d01000 	C:\Program Files\Java\jdk1.8.0_201\jre\bin\jpeg.dll
0x00007ffabeb50000 - 0x00007ffabeb97000 	C:\Program Files\Java\jdk1.8.0_201\jre\bin\fontmanager.dll
0x00007ffad7500000 - 0x00007ffad764a000 	C:\WINDOWS\SYSTEM32\textinputframework.dll
0x00007ffac24c0000 - 0x00007ffac2529000 	C:\WINDOWS\system32\Oleacc.dll
0x00007ffae2b60000 - 0x00007ffae2c10000 	C:\WINDOWS\System32\clbcatq.dll
0x00007ffad6f90000 - 0x00007ffad6fdb000 	C:\WINDOWS\system32\ApplicationTargetedFeatureDatabase.dll
0x00007ffada9d0000 - 0x00007ffadac57000 	C:\Windows\System32\twinapi.appcore.dll

VM Arguments:
jvm_args: -Dfile.encoding=UTF-8 -Djava.security.policy=applet.policy 
java_command: Hospital.Index
java_class_path (initial): C:\Users\AMAR SHIVBASANT\Downloads\mysql-connector-j-8.2.0\mysql-connector-j-8.2.0\mysql-connector-j-8.2.0.jar;C:\Users\AMAR SHIVBASANT\OneDrive\Documents\NetBeansProjects\Hospital Mangement System\build\classes
Launcher Type: SUN_STANDARD

Environment Variables:
PATH=C:\Program Files (x86)\Common Files\Oracle\Java\javapath;C:\Program Files\Python311\Scripts\;C:\Program Files\Python311\;C:\Users\AMAR SHIVBASANT\Documents\Scripts\;C:\Users\AMAR SHIVBASANT\Documents\;C:\WINDOWS\system32;C:\WINDOWS;C:\WINDOWS\System32\Wbem;C:\WINDOWS\System32\WindowsPowerShell\v1.0\;C:\WINDOWS\System32\OpenSSH\;C:\Program Files\Azure Data Studio\bin;C:\Program Files\Java\jdk-18.0.1.1\bin;C:\Program Files (x86)\Microsoft SQL Server\100\Tools\Binn\;C:\Program Files\Microsoft SQL Server\100\Tools\Binn\;C:\Program Files\Microsoft SQL Server\100\DTS\Binn\;C:\ProgramData\ComposerSetup\bin;C:\Program Files\Git\cmd;C:\Program Files\dotnet\;C:\Program Files\nodejs\;C:\Program Files\MySQL\MySQL Shell 8.0\bin\;C:\Users\AMAR SHIVBASANT\AppData\Local\Microsoft\WindowsApps;C:\Program Files\Azure Data Studio\bin;C:\Users\AMAR SHIVBASANT\AppData\Local\Programs\Microsoft VS Code\bin;C:\xampp\php;C:\Users\AMAR SHIVBASANT\AppData\Roaming\Composer\vendor\bin;C:\Users\AMAR SHIVBASANT\.dotnet\tools;C:\Program Files\JetBrains\IntelliJ IDEA Community Edition 2023.3\bin;;C:\Users\AMAR SHIVBASANT\AppData\Roaming\npm
USERNAME=AMAR SHIVBASANT
OS=Windows_NT
PROCESSOR_IDENTIFIER=Intel64 Family 6 Model 140 Stepping 1, GenuineIntel



---------------  S Y S T E M  ---------------

OS: Windows 10.0 , 64 bit Build 22621 (10.0.22621.3085)

CPU:total 8 (initial active 8) (4 cores per cpu, 2 threads per core) family 6 model 140 stepping 1, cmov, cx8, fxsr, mmx, sse, sse2, sse3, ssse3, sse4.1, sse4.2, popcnt, avx, avx2, aes, clmul, erms, 3dnowpref, lzcnt, ht, tsc, tscinvbit, bmi1, bmi2, adx

Memory: 4k page, physical 16539192k(3945868k free), swap 59208500k(2664k free)

vm_info: Java HotSpot(TM) 64-Bit Server VM (25.201-b09) for windows-amd64 JRE (1.8.0_201-b09), built on Dec 15 2018 18:36:39 by "java_re" with MS VC++ 10.0 (VS2010)

time: Sun Mar 03 01:04:48 2024
timezone: India Standard Time
elapsed time: 0 seconds (0d 0h 0m 0s)

